{
  "stats": {
    "suites": 1,
    "tests": 1,
    "passes": 1,
    "pending": 0,
    "failures": 0,
    "start": "2020-04-07T14:20:00.946Z",
    "end": "2020-04-07T14:20:36.668Z",
    "duration": 35722,
    "testsRegistered": 1,
    "passPercent": 100,
    "pendingPercent": 0,
    "other": 0,
    "hasOther": false,
    "skipped": 0,
    "hasSkipped": false
  },
  "results": [
    {
      "uuid": "47d46ee9-440b-4bdb-a710-3a1f01e7da3e",
      "title": "",
      "fullFile": "cypress\\integration\\samples\\AngularForm.js",
      "file": "cypress\\integration\\samples\\AngularForm.js",
      "beforeHooks": [],
      "afterHooks": [],
      "tests": [],
      "suites": [
        {
          "uuid": "6321607f-86cb-4054-92f4-47c9f49a7f3c",
          "title": "Angular Form ",
          "fullFile": "",
          "file": "",
          "beforeHooks": [],
          "afterHooks": [],
          "tests": [
            {
              "title": "Add to cart",
              "fullTitle": "Angular Form  Add to cart",
              "timedOut": null,
              "duration": 27204,
              "state": "passed",
              "speed": "slow",
              "pass": true,
              "fail": false,
              "pending": false,
              "context": null,
              "code": "cy.visit(Cypress.env('url'));\ncy.get('li:nth-child(2) > a').click(); // Building custom cypress command\ncy.addToCart('Blackberry'); // ****** cy.pause() to pause the test *******\n// parameterised test using data from JSON file\nthis.dataz.products.forEach(function (product) {\n  cy.addToCart(product); // ****** can use .debug() for debugging ******           \n});\ncy.get('a.nav-link.btn.btn-primary').click();\ncy.get('button.btn.btn-success').click();\ncy.get(\"input#country\").type('India');\nCypress.config('defaultCommandTimeout', 10000); // scope of this timeout is only to this test case\ncy.get('body > app-root > app-shop > div > app-checkout > div > div.suggestions > ul > li > a').click();\ncy.get('input#checkbox2').click({\n  force: true\n});\ncy.get('input.btn.btn-success.btn-lg').click();\ncy.get('.alert').then(function (el) {\n  var actualText = el.text();\n  expect(actualText.includes(\"Success\")).to.be[\"true\"];\n});",
              "err": {},
              "uuid": "21ae18a4-20d4-4656-b99a-528b970604ad",
              "parentUUID": "6321607f-86cb-4054-92f4-47c9f49a7f3c",
              "isHook": false,
              "skipped": false
            }
          ],
          "suites": [],
          "passes": [
            "21ae18a4-20d4-4656-b99a-528b970604ad"
          ],
          "failures": [],
          "pending": [],
          "skipped": [],
          "duration": 27204,
          "root": false,
          "rootEmpty": false,
          "_timeout": 2000
        }
      ],
      "passes": [],
      "failures": [],
      "pending": [],
      "skipped": [],
      "duration": 0,
      "root": true,
      "rootEmpty": true,
      "_timeout": 2000
    }
  ],
  "meta": {
    "mocha": {
      "version": "7.1.1"
    },
    "mochawesome": {
      "options": {
        "quiet": false,
        "reportFilename": "mochawesome",
        "saveHtml": true,
        "saveJson": true,
        "consoleReporter": "spec",
        "useInlineDiffs": false,
        "code": true
      },
      "version": "5.0.0"
    },
    "marge": {
      "options": {},
      "version": "4.1.0"
    }
  }
}